<?xml version="1.0" encoding="UTF-8"?>
<!-- Generated by org.testng.reporters.JUnitXMLReporter -->
<testsuite hostname="LIN35008014" ignored="0" name="michaelpage D8 Regression Test" tests="1" failures="0" timestamp="17 Apr 2021 13:12:57 GMT" time="0.79" errors="0">
  <testcase name="@AfterTest closeBrowser" time="0.002" classname="com.michaelpage.testrunner.EPIC_104_MyPage_Michaelpagerunner">
    <failure type="java.lang.NullPointerException">
      <![CDATA[java.lang.NullPointerException
at com.michaelpage.common.utils.TestBase.tearDown(TestBase.java:158)
at com.michaelpage.testrunner.EPIC_104_MyPage_Michaelpagerunner.closeBrowser(EPIC_104_MyPage_Michaelpagerunner.java:76)
... Removed 24 stack frames]]>
    </failure>
  </testcase> <!-- @AfterTest closeBrowser -->
  <testcase name="feature" time="0.0" classname="com.michaelpage.testrunner.EPIC_104_MyPage_Michaelpagerunner">
    <skipped/>
  </testcase> <!-- feature -->
</testsuite> <!-- michaelpage D8 Regression Test -->
